[01:54:46] [ServerMain/INFO]: Building unoptimized datafixer
[01:54:48] [ServerMain/INFO]: Environment: authHost='https://authserver.mojang.com', accountsHost='https://api.mojang.com', sessionHost='https://sessionserver.mojang.com', servicesHost='https://api.minecraftservices.com', name='PROD'
[01:54:51] [ServerMain/INFO]: Loaded 7 recipes
[01:54:52] [ServerMain/INFO]: Loaded 1179 advancements
[01:54:53] [Server thread/INFO]: Starting minecraft server version 1.19.2
[01:54:53] [Server thread/INFO]: Loading properties
[01:54:53] [Server thread/INFO]: Default game type: SURVIVAL
[01:54:53] [Server thread/INFO]: Generating keypair
[01:54:53] [Server thread/INFO]: Starting Minecraft server on *:25565
[01:54:53] [Server thread/INFO]: Using epoll channel type
[01:54:54] [Server thread/WARN]: **** SERVER IS RUNNING IN OFFLINE/INSECURE MODE!
[01:54:54] [Server thread/WARN]: The server will make no attempt to authenticate usernames. Beware.
[01:54:54] [Server thread/WARN]: While this makes the game possible to play without internet access, it also opens up the ability for hackers to connect with any username they choose.
[01:54:54] [Server thread/WARN]: To change this, set "online-mode" to "true" in the server.properties file.
[01:54:54] [Server thread/INFO]: Preparing level "world"
[01:54:54] [Server thread/INFO]: Preparing start region for dimension minecraft:overworld
[01:55:01] [Worker-Main-3/INFO]: Preparing spawn area: 0%
[01:55:01] [Worker-Main-1/INFO]: Preparing spawn area: 0%
[01:55:01] [Worker-Main-1/INFO]: Preparing spawn area: 0%
[01:55:01] [Worker-Main-1/INFO]: Preparing spawn area: 0%
[01:55:01] [Worker-Main-1/INFO]: Preparing spawn area: 0%
[01:55:01] [Worker-Main-3/INFO]: Preparing spawn area: 0%
[01:55:01] [Worker-Main-1/INFO]: Preparing spawn area: 0%
[01:55:01] [Worker-Main-1/INFO]: Preparing spawn area: 0%
[01:55:01] [Worker-Main-1/INFO]: Preparing spawn area: 0%
[01:55:01] [Worker-Main-1/INFO]: Preparing spawn area: 0%
[01:55:01] [Worker-Main-1/INFO]: Preparing spawn area: 0%
[01:55:01] [Worker-Main-3/INFO]: Preparing spawn area: 0%
[01:55:01] [Worker-Main-1/INFO]: Preparing spawn area: 0%
[01:55:01] [Worker-Main-3/INFO]: Preparing spawn area: 0%
[01:55:01] [Worker-Main-3/INFO]: Preparing spawn area: 0%
[01:55:02] [Worker-Main-1/INFO]: Preparing spawn area: 0%
[01:55:02] [Worker-Main-3/INFO]: Preparing spawn area: 0%
[01:55:03] [Worker-Main-1/INFO]: Preparing spawn area: 0%
[01:55:04] [Worker-Main-3/INFO]: Preparing spawn area: 0%
[01:55:04] [Worker-Main-1/INFO]: Preparing spawn area: 0%
[01:55:04] [Worker-Main-1/INFO]: Preparing spawn area: 0%
[01:55:05] [Worker-Main-3/INFO]: Preparing spawn area: 0%
[01:55:05] [Worker-Main-3/INFO]: Preparing spawn area: 0%
[01:55:06] [Worker-Main-3/INFO]: Preparing spawn area: 0%
[01:55:06] [Worker-Main-3/INFO]: Preparing spawn area: 11%
[01:55:07] [Worker-Main-3/INFO]: Preparing spawn area: 21%
[01:55:07] [Worker-Main-3/INFO]: Preparing spawn area: 33%
[01:55:08] [Worker-Main-1/INFO]: Preparing spawn area: 88%
[01:55:09] [Server thread/INFO]: Time elapsed: 14104 ms
[01:55:09] [Server thread/INFO]: Done (14.677s)! For help, type "help"
[01:55:09] [Server thread/INFO]: Starting remote control listener
[01:55:09] [Server thread/INFO]: Thread RCON Listener started
[01:55:09] [Server thread/INFO]: RCON running on 0.0.0.0:25575
[01:55:33] [Server thread/INFO]: Salvi[/172.17.0.1:35244] logged in with entity id 114 at (387.00424278071114, 93.0, 184.13456257982125)
[01:55:33] [Server thread/INFO]: Salvi joined the game
[01:55:35] [Server thread/WARN]: Can't keep up! Is the server overloaded? Running 2570ms or 51 ticks behind
[02:03:47] [Server thread/INFO]: Salvi lost connection: Disconnected
[02:03:47] [Server thread/INFO]: Salvi left the game
[02:04:03] [RCON Listener #1/INFO]: Thread RCON Client /127.0.0.1 started
[02:04:03] [Server thread/INFO]: [Rcon: Stopping the server]
[02:04:03] [RCON Client /127.0.0.1 #2/INFO]: Thread RCON Client /127.0.0.1 shutting down
[02:04:03] [Server thread/INFO]: Stopping server
[02:04:03] [Server thread/INFO]: Saving players
[02:04:03] [Server thread/INFO]: Saving worlds
[02:04:05] [Server thread/INFO]: Saving chunks for level 'ServerLevel[world]'/minecraft:overworld
[02:04:08] [Server thread/INFO]: Saving chunks for level 'ServerLevel[world]'/minecraft:the_end
[02:04:08] [Server thread/INFO]: Saving chunks for level 'ServerLevel[world]'/minecraft:the_nether
[02:04:08] [Server thread/INFO]: ThreadedAnvilChunkStorage (world): All chunks are saved
[02:04:08] [Server thread/INFO]: ThreadedAnvilChunkStorage (DIM1): All chunks are saved
[02:04:08] [Server thread/INFO]: ThreadedAnvilChunkStorage (DIM-1): All chunks are saved
[02:04:08] [Server thread/INFO]: ThreadedAnvilChunkStorage: All dimensions are saved
[02:04:10] [Server thread/INFO]: Thread RCON Listener stopped
